# JRE version: OpenJDK Runtime Environment (14.0.2+12) (build 14.0.2+12-46)
# Java VM: OpenJDK 64-Bit Server VM (14.0.2+12-46, mixed mode, tiered, compressed oops, g1 gc, windows-amd64)
Heap:
 garbage-first heap   total 65536K, used 6548K [0x00000000c1c00000, 0x0000000100000000)
  region size 1024K, 2 young (2048K), 2 survivors (2048K)
 Metaspace       used 17405K, capacity 17788K, committed 17920K, reserved 1067008K
  class space    used 1915K, capacity 2048K, committed 2048K, reserved 1048576K
GC Heap History (8 events):
Event: 1.735 GC heap before
{Heap before GC invocations=0 (full 0):
 garbage-first heap   total 65536K, used 13312K [0x00000000c1c00000, 0x0000000100000000)
  region size 1024K, 13 young (13312K), 0 survivors (0K)
 Metaspace       used 12996K, capacity 13332K, committed 13568K, reserved 1060864K
  class space    used 1360K, capacity 1468K, committed 1536K, reserved 1048576K
}
Event: 1.746 GC heap after
{Heap after GC invocations=1 (full 0):
 garbage-first heap   total 65536K, used 4901K [0x00000000c1c00000, 0x0000000100000000)
  region size 1024K, 2 young (2048K), 2 survivors (2048K)
 Metaspace       used 12996K, capacity 13332K, committed 13568K, reserved 1060864K
  class space    used 1360K, capacity 1468K, committed 1536K, reserved 1048576K
}
Event: 1.951 GC heap before
{Heap before GC invocations=1 (full 0):
 garbage-first heap   total 65536K, used 13093K [0x00000000c1c00000, 0x0000000100000000)
  region size 1024K, 10 young (10240K), 2 survivors (2048K)
 Metaspace       used 14570K, capacity 14880K, committed 15104K, reserved 1062912K
  class space    used 1548K, capacity 1670K, committed 1792K, reserved 1048576K
}
Event: 1.956 GC heap after
{Heap after GC invocations=2 (full 0):
 garbage-first heap   total 65536K, used 5850K [0x00000000c1c00000, 0x0000000100000000)
  region size 1024K, 1 young (1024K), 1 survivors (1024K)
 Metaspace       used 14570K, capacity 14880K, committed 15104K, reserved 1062912K
  class space    used 1548K, capacity 1670K, committed 1792K, reserved 1048576K
}
Event: 2.261 GC heap before
{Heap before GC invocations=2 (full 0):
 garbage-first heap   total 65536K, used 27354K [0x00000000c1c00000, 0x0000000100000000)
  region size 1024K, 23 young (23552K), 1 survivors (1024K)
 Metaspace       used 16346K, capacity 16772K, committed 16896K, reserved 1064960K
  class space    used 1797K, capacity 1942K, committed 2048K, reserved 1048576K
}
Event: 2.264 GC heap after
{Heap after GC invocations=3 (full 0):
 garbage-first heap   total 65536K, used 6284K [0x00000000c1c00000, 0x0000000100000000)
  region size 1024K, 2 young (2048K), 2 survivors (2048K)
 Metaspace       used 16346K, capacity 16772K, committed 16896K, reserved 1064960K
  class space    used 1797K, capacity 1942K, committed 2048K, reserved 1048576K
}
Event: 2.359 GC heap before
{Heap before GC invocations=3 (full 0):
 garbage-first heap   total 65536K, used 11404K [0x00000000c1c00000, 0x0000000100000000)
  region size 1024K, 8 young (8192K), 2 survivors (2048K)
 Metaspace       used 17405K, capacity 17788K, committed 17920K, reserved 1067008K
  class space    used 1915K, capacity 2048K, committed 2048K, reserved 1048576K
}
Event: 2.362 GC heap after
{Heap after GC invocations=4 (full 0):
 garbage-first heap   total 65536K, used 6548K [0x00000000c1c00000, 0x0000000100000000)
  region size 1024K, 2 young (2048K), 2 survivors (2048K)
 Metaspace       used 17405K, capacity 17788K, committed 17920K, reserved 1067008K
  class space    used 1915K, capacity 2048K, committed 2048K, reserved 1048576K
}

