# JRE version: OpenJDK Runtime Environment (14.0.2+12) (build 14.0.2+12-46)
# Java VM: OpenJDK 64-Bit Server VM (14.0.2+12-46, mixed mode, tiered, compressed oops, g1 gc, windows-amd64)
Heap:
 garbage-first heap   total 71680K, used 26699K [0x00000000c1c00000, 0x0000000100000000)
  region size 1024K, 1 young (1024K), 1 survivors (1024K)
 Metaspace       used 48379K, capacity 50104K, committed 50128K, reserved 1103872K
  class space    used 6388K, capacity 7038K, committed 7040K, reserved 1048576K
GC Heap History (20 events):
Event: 3.978 GC heap before
{Heap before GC invocations=11 (full 0):
 garbage-first heap   total 49152K, used 38779K [0x00000000c1c00000, 0x0000000100000000)
  region size 1024K, 28 young (28672K), 3 survivors (3072K)
 Metaspace       used 30243K, capacity 31100K, committed 31152K, reserved 1077248K
  class space    used 3761K, capacity 4083K, committed 4096K, reserved 1048576K
}
Event: 3.981 GC heap after
{Heap after GC invocations=12 (full 0):
 garbage-first heap   total 49152K, used 13320K [0x00000000c1c00000, 0x0000000100000000)
  region size 1024K, 3 young (3072K), 3 survivors (3072K)
 Metaspace       used 30243K, capacity 31100K, committed 31152K, reserved 1077248K
  class space    used 3761K, capacity 4083K, committed 4096K, reserved 1048576K
}
Event: 4.246 GC heap before
{Heap before GC invocations=12 (full 0):
 garbage-first heap   total 49152K, used 37896K [0x00000000c1c00000, 0x0000000100000000)
  region size 1024K, 27 young (27648K), 3 survivors (3072K)
 Metaspace       used 31669K, capacity 32561K, committed 32688K, reserved 1077248K
  class space    used 3995K, capacity 4308K, committed 4352K, reserved 1048576K
}
Event: 4.251 GC heap after
{Heap after GC invocations=13 (full 0):
 garbage-first heap   total 49152K, used 14347K [0x00000000c1c00000, 0x0000000100000000)
  region size 1024K, 3 young (3072K), 3 survivors (3072K)
 Metaspace       used 31669K, capacity 32561K, committed 32688K, reserved 1077248K
  class space    used 3995K, capacity 4308K, committed 4352K, reserved 1048576K
}
Event: 4.523 GC heap before
{Heap before GC invocations=13 (full 0):
 garbage-first heap   total 49152K, used 38923K [0x00000000c1c00000, 0x0000000100000000)
  region size 1024K, 27 young (27648K), 3 survivors (3072K)
 Metaspace       used 32984K, capacity 33909K, committed 34224K, reserved 1079296K
  class space    used 4216K, capacity 4542K, committed 4608K, reserved 1048576K
}
Event: 4.531 GC heap after
{Heap after GC invocations=14 (full 0):
 garbage-first heap   total 59392K, used 15401K [0x00000000c1c00000, 0x0000000100000000)
  region size 1024K, 4 young (4096K), 4 survivors (4096K)
 Metaspace       used 32984K, capacity 33909K, committed 34224K, reserved 1079296K
  class space    used 4216K, capacity 4542K, committed 4608K, reserved 1048576K
}
Event: 5.180 GC heap before
{Heap before GC invocations=14 (full 0):
 garbage-first heap   total 59392K, used 36905K [0x00000000c1c00000, 0x0000000100000000)
  region size 1024K, 26 young (26624K), 4 survivors (4096K)
 Metaspace       used 34790K, capacity 35826K, committed 35920K, reserved 1081344K
  class space    used 4458K, capacity 4813K, committed 4864K, reserved 1048576K
}
Event: 5.186 GC heap after
{Heap after GC invocations=15 (full 0):
 garbage-first heap   total 59392K, used 16493K [0x00000000c1c00000, 0x0000000100000000)
  region size 1024K, 4 young (4096K), 4 survivors (4096K)
 Metaspace       used 34790K, capacity 35826K, committed 35920K, reserved 1081344K
  class space    used 4458K, capacity 4813K, committed 4864K, reserved 1048576K
}
Event: 5.727 GC heap before
{Heap before GC invocations=16 (full 0):
 garbage-first heap   total 59392K, used 46189K [0x00000000c1c00000, 0x0000000100000000)
  region size 1024K, 33 young (33792K), 4 survivors (4096K)
 Metaspace       used 37305K, capacity 38464K, committed 38608K, reserved 1083392K
  class space    used 4787K, capacity 5199K, committed 5248K, reserved 1048576K
}
Event: 5.733 GC heap after
{Heap after GC invocations=17 (full 0):
 garbage-first heap   total 59392K, used 18395K [0x00000000c1c00000, 0x0000000100000000)
  region size 1024K, 5 young (5120K), 5 survivors (5120K)
 Metaspace       used 37305K, capacity 38464K, committed 38608K, reserved 1083392K
  class space    used 4787K, capacity 5199K, committed 5248K, reserved 1048576K
}
Event: 6.063 GC heap before
{Heap before GC invocations=17 (full 0):
 garbage-first heap   total 59392K, used 46043K [0x00000000c1c00000, 0x0000000100000000)
  region size 1024K, 32 young (32768K), 5 survivors (5120K)
 Metaspace       used 39467K, capacity 40748K, committed 41040K, reserved 1085440K
  class space    used 5105K, capacity 5560K, committed 5632K, reserved 1048576K
}
Event: 6.069 GC heap after
{Heap after GC invocations=18 (full 0):
 garbage-first heap   total 59392K, used 19378K [0x00000000c1c00000, 0x0000000100000000)
  region size 1024K, 3 young (3072K), 3 survivors (3072K)
 Metaspace       used 39467K, capacity 40748K, committed 41040K, reserved 1085440K
  class space    used 5105K, capacity 5560K, committed 5632K, reserved 1048576K
}
Event: 6.388 GC heap before
{Heap before GC invocations=18 (full 0):
 garbage-first heap   total 59392K, used 48050K [0x00000000c1c00000, 0x0000000100000000)
  region size 1024K, 31 young (31744K), 3 survivors (3072K)
 Metaspace       used 41485K, capacity 42918K, committed 43216K, reserved 1087488K
  class space    used 5406K, capacity 5928K, committed 6016K, reserved 1048576K
}
Event: 6.394 GC heap after
{Heap after GC invocations=19 (full 0):
 garbage-first heap   total 71680K, used 21106K [0x00000000c1c00000, 0x0000000100000000)
  region size 1024K, 3 young (3072K), 3 survivors (3072K)
 Metaspace       used 41485K, capacity 42918K, committed 43216K, reserved 1087488K
  class space    used 5406K, capacity 5928K, committed 6016K, reserved 1048576K
}
Event: 7.465 GC heap before
{Heap before GC invocations=19 (full 0):
 garbage-first heap   total 71680K, used 57970K [0x00000000c1c00000, 0x0000000100000000)
  region size 1024K, 39 young (39936K), 3 survivors (3072K)
 Metaspace       used 43854K, capacity 45402K, committed 45648K, reserved 1089536K
  class space    used 5781K, capacity 6355K, committed 6400K, reserved 1048576K
}
Event: 7.472 GC heap after
{Heap after GC invocations=20 (full 0):
 garbage-first heap   total 71680K, used 22791K [0x00000000c1c00000, 0x0000000100000000)
  region size 1024K, 5 young (5120K), 5 survivors (5120K)
 Metaspace       used 43854K, capacity 45402K, committed 45648K, reserved 1089536K
  class space    used 5781K, capacity 6355K, committed 6400K, reserved 1048576K
}
Event: 8.022 GC heap before
{Heap before GC invocations=20 (full 0):
 garbage-first heap   total 71680K, used 56583K [0x00000000c1c00000, 0x0000000100000000)
  region size 1024K, 38 young (38912K), 5 survivors (5120K)
 Metaspace       used 47581K, capacity 49280K, committed 49488K, reserved 1091584K
  class space    used 6259K, capacity 6870K, committed 6912K, reserved 1048576K
}
Event: 8.031 GC heap after
{Heap after GC invocations=21 (full 0):
 garbage-first heap   total 71680K, used 25848K [0x00000000c1c00000, 0x0000000100000000)
  region size 1024K, 5 young (5120K), 5 survivors (5120K)
 Metaspace       used 47581K, capacity 49280K, committed 49488K, reserved 1091584K
  class space    used 6259K, capacity 6870K, committed 6912K, reserved 1048576K
}
Event: 8.128 GC heap before
{Heap before GC invocations=21 (full 0):
 garbage-first heap   total 71680K, used 34040K [0x00000000c1c00000, 0x0000000100000000)
  region size 1024K, 14 young (14336K), 5 survivors (5120K)
 Metaspace       used 48379K, capacity 50104K, committed 50128K, reserved 1101824K
  class space    used 6388K, capacity 7038K, committed 7040K, reserved 1048576K
}
Event: 8.135 GC heap after
{Heap after GC invocations=22 (full 0):
 garbage-first heap   total 71680K, used 26699K [0x00000000c1c00000, 0x0000000100000000)
  region size 1024K, 1 young (1024K), 1 survivors (1024K)
 Metaspace       used 48379K, capacity 50104K, committed 50128K, reserved 1101824K
  class space    used 6388K, capacity 7038K, committed 7040K, reserved 1048576K
}

